<?xml version="1.0" encoding="UTF-8"?>
<testsuite xmlns:xsi="http://www.w3.org/2001/XMLSchema-instance" xsi:schemaLocation="https://maven.apache.org/surefire/maven-surefire-plugin/xsd/surefire-test-report.xsd" name="gau.nau.junit5.BasicSalaryCalculatorTest" time="0.012" tests="2" errors="1" skipped="0" failures="1">
  <properties>
[...]
</properties>
  <testcase name="initializationError" classname="gau.nau.junit5.BasicSalaryCalculatorTest" time="0.01">
    <error message="Method testBasicSalaryWithValidSalary() should be public" type="java.lang.Exception">java.lang.Exception: Method testBasicSalaryWithValidSalary() should be public
</error>
  </testcase>
  <testcase name="initializationError" classname="gau.nau.junit5.BasicSalaryCalculatorTest" time="0.002">
    <failure message="Multiple Failures (2 failures)&#10;	Method testBasicSalaryWithValidSalary() should be public&#10;	Method testBasicSalaryWithInvalidSalary() should be public" type="org.opentest4j.MultipleFailuresError">org.opentest4j.MultipleFailuresError: 
Multiple Failures (2 failures)
	Method testBasicSalaryWithValidSalary() should be public
	Method testBasicSalaryWithInvalidSalary() should be public
</failure>
  </testcase>
</testsuite>